[04:27:44] [Server thread/INFO]: Starting minecraft server version 1.8.8
[04:27:44] [Server thread/INFO]: Loading properties
[04:27:44] [Server thread/INFO]: Default game type: SURVIVAL
[04:27:44] [Server thread/INFO]: This server is running CraftBukkit version git-PaperSpigot-"4c7641d" (MC: 1.8.8) (Implementing API version 1.8.8-R0.1-SNAPSHOT)
[04:27:44] [Server thread/INFO]: Spigot Timings: true - Verbose: true - Interval: 5m - Length: 60m
[04:27:44] [Server thread/INFO]: Server Ping Player Sample Count: 12
[04:27:44] [Server thread/INFO]: Using 4 threads for Netty based IO
[04:27:44] [Server thread/INFO]: Debug logging is disabled
[04:27:44] [Server thread/INFO]: Data value allowed items: 
[04:27:44] [Server thread/INFO]: Generating keypair
[04:27:44] [Server thread/INFO]: Starting Minecraft server on *:25565
[04:27:44] [Server thread/INFO]: Your platform does not provide complete low-level API for accessing direct buffers reliably. Unless explicitly requested, heap buffer will always be preferred to avoid potential system unstability.
[04:27:44] [Server thread/INFO]: Using default channel type
[04:27:44] [Server thread/INFO]: Set PluginClassLoader as parallel capable
[04:27:44] [Server thread/INFO]: [System] Loading System v1.14.15
[04:27:44] [Server thread/INFO]: **** Beginning UUID conversion, this may take A LONG time ****
[04:27:44] [Server thread/INFO]: Preparing level "world"
[04:27:44] [Server thread/INFO]: -------- World Settings For [world] --------
[04:27:44] [Server thread/INFO]: Hopper Transfer: 8 Hopper Check: 8 Hopper Amount: 1
[04:27:44] [Server thread/INFO]: Random Lighting Updates: false
[04:27:44] [Server thread/INFO]: Structure Info Saving: true
[04:27:44] [Server thread/INFO]: Sending up to 10 chunks per packet
[04:27:44] [Server thread/INFO]: Max Entity Collisions: 8
[04:27:44] [Server thread/INFO]: Custom Map Seeds:  Village: 10387312 Feature: 14357617
[04:27:44] [Server thread/INFO]: Max TNT Explosions: 100
[04:27:44] [Server thread/INFO]: Tile Max Tick Time: 50ms Entity max Tick Time: 50ms
[04:27:44] [Server thread/INFO]: Mob Spawn Range: 4
[04:27:44] [Server thread/INFO]: Anti X-Ray: true
[04:27:44] [Server thread/INFO]: 	Engine Mode: 1
[04:27:44] [Server thread/INFO]: 	Hidden Blocks: [14, 15, 16, 21, 48, 49, 54, 56, 73, 74, 82, 129, 130]
[04:27:44] [Server thread/INFO]: 	Replace Blocks: [1, 5]
[04:27:44] [Server thread/INFO]: Nerfing mobs spawned from spawners: false
[04:27:44] [Server thread/INFO]: Cactus Growth Modifier: 100%
[04:27:44] [Server thread/INFO]: Cane Growth Modifier: 100%
[04:27:44] [Server thread/INFO]: Melon Growth Modifier: 100%
[04:27:44] [Server thread/INFO]: Mushroom Growth Modifier: 100%
[04:27:44] [Server thread/INFO]: Pumpkin Growth Modifier: 100%
[04:27:44] [Server thread/INFO]: Sapling Growth Modifier: 100%
[04:27:44] [Server thread/INFO]: Wheat Growth Modifier: 100%
[04:27:44] [Server thread/INFO]: NetherWart Growth Modifier: 100%
[04:27:44] [Server thread/INFO]: Entity Activation Range: An 32 / Mo 32 / Mi 16
[04:27:44] [Server thread/INFO]: Entity Tracking Range: Pl 48 / An 48 / Mo 48 / Mi 32 / Other 64
[04:27:44] [Server thread/INFO]: Item Despawn Rate: 6000
[04:27:44] [Server thread/INFO]: Item Merge Radius: 2.5
[04:27:44] [Server thread/INFO]: Arrow Despawn Rate: 1200
[04:27:44] [Server thread/INFO]: Allow Zombie Pigmen to spawn from portal blocks: true
[04:27:44] [Server thread/INFO]: View Distance: 10
[04:27:44] [Server thread/INFO]: Zombie Aggressive Towards Villager: true
[04:27:44] [Server thread/INFO]: Chunks to Grow per Tick: 650
[04:27:44] [Server thread/INFO]: Clear tick list: false
[04:27:44] [Server thread/INFO]: Experience Merge Radius: 3.0
[04:27:44] [Server thread/INFO]: -------- World Settings For [world] --------
[04:27:44] [Server thread/INFO]: Squids will spawn between Y: 45.0 and Y: 63.0
[04:27:44] [Server thread/INFO]: Max height for cactus growth 3. Max height for reed growth 3
[04:27:44] [Server thread/INFO]: Living Entity Despawn Ranges:  Soft: 32 Hard: 128
[04:27:44] [Server thread/INFO]: Player blocking damage multiplier set to 0.5
[04:27:44] [Server thread/INFO]: Remove invalid mob spawner tile entities: true
[04:27:44] [Server thread/INFO]: Water over lava flow speed: 5
[04:27:44] [Server thread/INFO]: Fix TNT cannons: false
[04:27:44] [Server thread/INFO]: Allow undead horse types to be leashed: false
[04:27:44] [Server thread/INFO]: Keep spawn chunk loaded: true
[04:27:44] [Server thread/INFO]: World async lighting: false
[04:27:44] [Server thread/INFO]: WorldServer TickNextTick cap set at 10000
[04:27:44] [Server thread/INFO]: WorldServer TickNextTickList cap always processes redstone: false
[04:27:44] [Server thread/INFO]: -------- World Settings For [world_nether] --------
[04:27:44] [Server thread/INFO]: Hopper Transfer: 8 Hopper Check: 8 Hopper Amount: 1
[04:27:44] [Server thread/INFO]: Random Lighting Updates: false
[04:27:44] [Server thread/INFO]: Structure Info Saving: true
[04:27:44] [Server thread/INFO]: Sending up to 10 chunks per packet
[04:27:44] [Server thread/INFO]: Max Entity Collisions: 8
[04:27:44] [Server thread/INFO]: Custom Map Seeds:  Village: 10387312 Feature: 14357617
[04:27:44] [Server thread/INFO]: Max TNT Explosions: 100
[04:27:44] [Server thread/INFO]: Tile Max Tick Time: 50ms Entity max Tick Time: 50ms
[04:27:44] [Server thread/INFO]: Mob Spawn Range: 4
[04:27:44] [Server thread/INFO]: Anti X-Ray: true
[04:27:44] [Server thread/INFO]: 	Engine Mode: 1
[04:27:44] [Server thread/INFO]: 	Hidden Blocks: [14, 15, 16, 21, 48, 49, 54, 56, 73, 74, 82, 129, 130]
[04:27:44] [Server thread/INFO]: 	Replace Blocks: [1, 5]
[04:27:44] [Server thread/INFO]: Nerfing mobs spawned from spawners: false
[04:27:44] [Server thread/INFO]: Cactus Growth Modifier: 100%
[04:27:44] [Server thread/INFO]: Cane Growth Modifier: 100%
[04:27:44] [Server thread/INFO]: Melon Growth Modifier: 100%
[04:27:44] [Server thread/INFO]: Mushroom Growth Modifier: 100%
[04:27:44] [Server thread/INFO]: Pumpkin Growth Modifier: 100%
[04:27:44] [Server thread/INFO]: Sapling Growth Modifier: 100%
[04:27:44] [Server thread/INFO]: Wheat Growth Modifier: 100%
[04:27:44] [Server thread/INFO]: NetherWart Growth Modifier: 100%
[04:27:44] [Server thread/INFO]: Entity Activation Range: An 32 / Mo 32 / Mi 16
[04:27:44] [Server thread/INFO]: Entity Tracking Range: Pl 48 / An 48 / Mo 48 / Mi 32 / Other 64
[04:27:44] [Server thread/INFO]: Item Despawn Rate: 6000
[04:27:44] [Server thread/INFO]: Item Merge Radius: 2.5
[04:27:44] [Server thread/INFO]: Arrow Despawn Rate: 1200
[04:27:44] [Server thread/INFO]: Allow Zombie Pigmen to spawn from portal blocks: true
[04:27:44] [Server thread/INFO]: View Distance: 10
[04:27:44] [Server thread/INFO]: Zombie Aggressive Towards Villager: true
[04:27:44] [Server thread/INFO]: Chunks to Grow per Tick: 650
[04:27:44] [Server thread/INFO]: Clear tick list: false
[04:27:44] [Server thread/INFO]: Experience Merge Radius: 3.0
[04:27:44] [Server thread/INFO]: -------- World Settings For [world_nether] --------
[04:27:44] [Server thread/INFO]: Squids will spawn between Y: 45.0 and Y: 63.0
[04:27:44] [Server thread/INFO]: Max height for cactus growth 3. Max height for reed growth 3
[04:27:44] [Server thread/INFO]: Living Entity Despawn Ranges:  Soft: 32 Hard: 128
[04:27:44] [Server thread/INFO]: Player blocking damage multiplier set to 0.5
[04:27:44] [Server thread/INFO]: Remove invalid mob spawner tile entities: true
[04:27:44] [Server thread/INFO]: Water over lava flow speed: 5
[04:27:44] [Server thread/INFO]: Fix TNT cannons: false
[04:27:44] [Server thread/INFO]: Allow undead horse types to be leashed: false
[04:27:44] [Server thread/INFO]: Keep spawn chunk loaded: true
[04:27:44] [Server thread/INFO]: World async lighting: false
[04:27:44] [Server thread/INFO]: WorldServer TickNextTick cap set at 10000
[04:27:44] [Server thread/INFO]: WorldServer TickNextTickList cap always processes redstone: false
[04:27:44] [Server thread/INFO]: -------- World Settings For [world_the_end] --------
[04:27:44] [Server thread/INFO]: Hopper Transfer: 8 Hopper Check: 8 Hopper Amount: 1
[04:27:44] [Server thread/INFO]: Random Lighting Updates: false
[04:27:44] [Server thread/INFO]: Structure Info Saving: true
[04:27:44] [Server thread/INFO]: Sending up to 10 chunks per packet
[04:27:44] [Server thread/INFO]: Max Entity Collisions: 8
[04:27:44] [Server thread/INFO]: Custom Map Seeds:  Village: 10387312 Feature: 14357617
[04:27:44] [Server thread/INFO]: Max TNT Explosions: 100
[04:27:44] [Server thread/INFO]: Tile Max Tick Time: 50ms Entity max Tick Time: 50ms
[04:27:44] [Server thread/INFO]: Mob Spawn Range: 4
[04:27:44] [Server thread/INFO]: Anti X-Ray: true
[04:27:44] [Server thread/INFO]: 	Engine Mode: 1
[04:27:44] [Server thread/INFO]: 	Hidden Blocks: [14, 15, 16, 21, 48, 49, 54, 56, 73, 74, 82, 129, 130]
[04:27:44] [Server thread/INFO]: 	Replace Blocks: [1, 5]
[04:27:44] [Server thread/INFO]: Nerfing mobs spawned from spawners: false
[04:27:44] [Server thread/INFO]: Cactus Growth Modifier: 100%
[04:27:44] [Server thread/INFO]: Cane Growth Modifier: 100%
[04:27:44] [Server thread/INFO]: Melon Growth Modifier: 100%
[04:27:44] [Server thread/INFO]: Mushroom Growth Modifier: 100%
[04:27:44] [Server thread/INFO]: Pumpkin Growth Modifier: 100%
[04:27:44] [Server thread/INFO]: Sapling Growth Modifier: 100%
[04:27:44] [Server thread/INFO]: Wheat Growth Modifier: 100%
[04:27:44] [Server thread/INFO]: NetherWart Growth Modifier: 100%
[04:27:44] [Server thread/INFO]: Entity Activation Range: An 32 / Mo 32 / Mi 16
[04:27:44] [Server thread/INFO]: Entity Tracking Range: Pl 48 / An 48 / Mo 48 / Mi 32 / Other 64
[04:27:44] [Server thread/INFO]: Item Despawn Rate: 6000
[04:27:44] [Server thread/INFO]: Item Merge Radius: 2.5
[04:27:44] [Server thread/INFO]: Arrow Despawn Rate: 1200
[04:27:44] [Server thread/INFO]: Allow Zombie Pigmen to spawn from portal blocks: true
[04:27:44] [Server thread/INFO]: View Distance: 10
[04:27:44] [Server thread/INFO]: Zombie Aggressive Towards Villager: true
[04:27:44] [Server thread/INFO]: Chunks to Grow per Tick: 650
[04:27:44] [Server thread/INFO]: Clear tick list: false
[04:27:44] [Server thread/INFO]: Experience Merge Radius: 3.0
[04:27:44] [Server thread/INFO]: -------- World Settings For [world_the_end] --------
[04:27:44] [Server thread/INFO]: Squids will spawn between Y: 45.0 and Y: 63.0
[04:27:44] [Server thread/INFO]: Max height for cactus growth 3. Max height for reed growth 3
[04:27:44] [Server thread/INFO]: Living Entity Despawn Ranges:  Soft: 32 Hard: 128
[04:27:44] [Server thread/INFO]: Player blocking damage multiplier set to 0.5
[04:27:44] [Server thread/INFO]: Remove invalid mob spawner tile entities: true
[04:27:44] [Server thread/INFO]: Water over lava flow speed: 5
[04:27:44] [Server thread/INFO]: Fix TNT cannons: false
[04:27:44] [Server thread/INFO]: Allow undead horse types to be leashed: false
[04:27:44] [Server thread/INFO]: Keep spawn chunk loaded: true
[04:27:44] [Server thread/INFO]: World async lighting: false
[04:27:44] [Server thread/INFO]: WorldServer TickNextTick cap set at 10000
[04:27:44] [Server thread/INFO]: WorldServer TickNextTickList cap always processes redstone: false
[04:27:44] [Server thread/INFO]: Preparing start region for level 0 (Seed: 2420940907162090418)
[04:27:45] [Server thread/INFO]: Preparing spawn area: 54%
[04:27:46] [Server thread/INFO]: Preparing start region for level 1 (Seed: 2420940907162090418)
[04:27:46] [Server thread/INFO]: Preparing start region for level 2 (Seed: 2420940907162090418)
[04:27:46] [Server thread/INFO]: [System] Enabling System v1.14.15
[04:27:47] [Server thread/INFO]: [0;31;1m[System] Legendchat nao encontrado, desativando addons![m
[04:27:47] [Server thread/INFO]: [0;31;1m[System] McMMO nao encontrado, desativando addons![m
[04:27:47] [Server thread/INFO]: [0;31;1m[System] Factions nao encontrado, desativando addons![m
[04:27:47] [Server thread/INFO]: Server permissions file permissions.yml is empty, ignoring it
[04:27:47] [Server thread/INFO]: Done (2.648s)! For help, type "help" or "?"
[04:27:47] [Server thread/INFO]: Timings Reset
[04:31:06] [User Authenticator #1/INFO]: UUID of player Whiiskeys_ is bb3682ad-d72b-49c2-b3b8-943d2dd00997
[04:31:06] [Server thread/INFO]: Whiiskeys_[/0:0:0:0:0:0:0:1:32790] logged in with entity id 236 at ([world]-15.0, 100.0, -15.0)
[04:31:10] [Server thread/INFO]: Whiiskeys_ issued server command: /tpa
[04:31:11] [Server thread/INFO]: Whiiskeys_ issued server command: /tps
[04:31:14] [Server thread/INFO]: Whiiskeys_ issued server command: /ping
[04:31:19] [Server thread/INFO]: Opped Whiiskeys_
[04:31:22] [Server thread/INFO]: Whiiskeys_ issued server command: /ping
[04:31:26] [Server thread/INFO]: Whiiskeys_ issued server command: /gamemode 1
[04:31:33] [Server thread/INFO]: Whiiskeys_ has just earned the achievement [Taking Inventory]
[04:32:28] [Server thread/INFO]: Whiiskeys_ lost connection: Disconnected
[04:32:49] [Server thread/INFO]: Stopping the server
[04:32:49] [Server thread/INFO]: Stopping server
[04:32:49] [Server thread/INFO]: [System] Disabling System v1.14.15
[04:32:49] [Server thread/INFO]: Saving players
[04:32:49] [Server thread/INFO]: Saving worlds
[04:32:49] [Server thread/INFO]: Saving chunks for level 'world'/Overworld
[04:32:49] [Server thread/INFO]: Saving chunks for level 'world_nether'/Nether
[04:32:49] [Server thread/INFO]: Saving chunks for level 'world_the_end'/The End
